<?xml version="1.0" encoding="UTF-8"?>
<!-- Generated by org.testng.reporters.JUnitReportReporter -->
<testsuite hostname="ace" failures="0" tests="1" name="extent_reports.Reports_ex" time="12.739" errors="0" timestamp="2024-09-18T11:42:10 IST" skipped="0">
  <testcase classname="extent_reports.Reports_ex" name="demo" time="12.739"/>
</testsuite> <!-- extent_reports.Reports_ex -->
